Exception on / [GET]
Traceback (most recent call last):
  File "C:\Users\gagan.v\PycharmProjects\gagan1\gagan\lib\site-packages\flask\app.py", line 2446, in wsgi_app
    response = self.full_dispatch_request()
  File "C:\Users\gagan.v\PycharmProjects\gagan1\gagan\lib\site-packages\flask\app.py", line 1951, in full_dispatch_request
    rv = self.handle_user_exception(e)
  File "C:\Users\gagan.v\PycharmProjects\gagan1\gagan\lib\site-packages\flask\app.py", line 1820, in handle_user_exception
    reraise(exc_type, exc_value, tb)
  File "C:\Users\gagan.v\PycharmProjects\gagan1\gagan\lib\site-packages\flask\_compat.py", line 39, in reraise
    raise value
  File "C:\Users\gagan.v\PycharmProjects\gagan1\gagan\lib\site-packages\flask\app.py", line 1949, in full_dispatch_request
    rv = self.dispatch_request()
  File "C:\Users\gagan.v\PycharmProjects\gagan1\gagan\lib\site-packages\flask\app.py", line 1935, in dispatch_request
    return self.view_functions[rule.endpoint](**req.view_args)
  File "C:/Users/gagan.v/PycharmProjects/gagan/flask/final_api_testcase_ui.py", line 205, in Home1
    return render_template("apihome1.html")
  File "C:\Users\gagan.v\PycharmProjects\gagan1\gagan\lib\site-packages\flask\templating.py", line 138, in render_template
    ctx.app.jinja_env.get_or_select_template(template_name_or_list),
  File "C:\Users\gagan.v\PycharmProjects\gagan1\gagan\lib\site-packages\jinja2\environment.py", line 869, in get_or_select_template
    return self.get_template(template_name_or_list, parent, globals)
  File "C:\Users\gagan.v\PycharmProjects\gagan1\gagan\lib\site-packages\jinja2\environment.py", line 830, in get_template
    return self._load_template(name, self.make_globals(globals))
  File "C:\Users\gagan.v\PycharmProjects\gagan1\gagan\lib\site-packages\jinja2\environment.py", line 804, in _load_template
    template = self.loader.load(self, name, globals)
  File "C:\Users\gagan.v\PycharmProjects\gagan1\gagan\lib\site-packages\jinja2\loaders.py", line 113, in load
    source, filename, uptodate = self.get_source(environment, name)
  File "C:\Users\gagan.v\PycharmProjects\gagan1\gagan\lib\site-packages\flask\templating.py", line 60, in get_source
    return self._get_source_fast(environment, template)
  File "C:\Users\gagan.v\PycharmProjects\gagan1\gagan\lib\site-packages\flask\templating.py", line 89, in _get_source_fast
    raise TemplateNotFound(template)
jinja2.exceptions.TemplateNotFound: apihome1.html
Exception on / [GET]
Traceback (most recent call last):
  File "C:\Users\gagan.v\PycharmProjects\gagan1\gagan\lib\site-packages\flask\app.py", line 2446, in wsgi_app
    response = self.full_dispatch_request()
  File "C:\Users\gagan.v\PycharmProjects\gagan1\gagan\lib\site-packages\flask\app.py", line 1951, in full_dispatch_request
    rv = self.handle_user_exception(e)
  File "C:\Users\gagan.v\PycharmProjects\gagan1\gagan\lib\site-packages\flask\app.py", line 1820, in handle_user_exception
    reraise(exc_type, exc_value, tb)
  File "C:\Users\gagan.v\PycharmProjects\gagan1\gagan\lib\site-packages\flask\_compat.py", line 39, in reraise
    raise value
  File "C:\Users\gagan.v\PycharmProjects\gagan1\gagan\lib\site-packages\flask\app.py", line 1949, in full_dispatch_request
    rv = self.dispatch_request()
  File "C:\Users\gagan.v\PycharmProjects\gagan1\gagan\lib\site-packages\flask\app.py", line 1935, in dispatch_request
    return self.view_functions[rule.endpoint](**req.view_args)
  File "C:/Users/gagan.v/PycharmProjects/gagan/flask/final_api_testcase_ui.py", line 205, in Home1
    return render_template("apihome1.html")
  File "C:\Users\gagan.v\PycharmProjects\gagan1\gagan\lib\site-packages\flask\templating.py", line 138, in render_template
    ctx.app.jinja_env.get_or_select_template(template_name_or_list),
  File "C:\Users\gagan.v\PycharmProjects\gagan1\gagan\lib\site-packages\jinja2\environment.py", line 869, in get_or_select_template
    return self.get_template(template_name_or_list, parent, globals)
  File "C:\Users\gagan.v\PycharmProjects\gagan1\gagan\lib\site-packages\jinja2\environment.py", line 830, in get_template
    return self._load_template(name, self.make_globals(globals))
  File "C:\Users\gagan.v\PycharmProjects\gagan1\gagan\lib\site-packages\jinja2\environment.py", line 804, in _load_template
    template = self.loader.load(self, name, globals)
  File "C:\Users\gagan.v\PycharmProjects\gagan1\gagan\lib\site-packages\jinja2\loaders.py", line 113, in load
    source, filename, uptodate = self.get_source(environment, name)
  File "C:\Users\gagan.v\PycharmProjects\gagan1\gagan\lib\site-packages\flask\templating.py", line 60, in get_source
    return self._get_source_fast(environment, template)
  File "C:\Users\gagan.v\PycharmProjects\gagan1\gagan\lib\site-packages\flask\templating.py", line 89, in _get_source_fast
    raise TemplateNotFound(template)
jinja2.exceptions.TemplateNotFound: apihome1.html
Exception on / [GET]
Traceback (most recent call last):
  File "C:\Users\gagan.v\PycharmProjects\gagan1\gagan\lib\site-packages\flask\app.py", line 2446, in wsgi_app
    response = self.full_dispatch_request()
  File "C:\Users\gagan.v\PycharmProjects\gagan1\gagan\lib\site-packages\flask\app.py", line 1951, in full_dispatch_request
    rv = self.handle_user_exception(e)
  File "C:\Users\gagan.v\PycharmProjects\gagan1\gagan\lib\site-packages\flask\app.py", line 1820, in handle_user_exception
    reraise(exc_type, exc_value, tb)
  File "C:\Users\gagan.v\PycharmProjects\gagan1\gagan\lib\site-packages\flask\_compat.py", line 39, in reraise
    raise value
  File "C:\Users\gagan.v\PycharmProjects\gagan1\gagan\lib\site-packages\flask\app.py", line 1949, in full_dispatch_request
    rv = self.dispatch_request()
  File "C:\Users\gagan.v\PycharmProjects\gagan1\gagan\lib\site-packages\flask\app.py", line 1935, in dispatch_request
    return self.view_functions[rule.endpoint](**req.view_args)
  File "C:/Users/gagan.v/PycharmProjects/gagan/flask/final_api_testcase_ui.py", line 205, in Home1
    return render_template("apihome1.html")
  File "C:\Users\gagan.v\PycharmProjects\gagan1\gagan\lib\site-packages\flask\templating.py", line 138, in render_template
    ctx.app.jinja_env.get_or_select_template(template_name_or_list),
  File "C:\Users\gagan.v\PycharmProjects\gagan1\gagan\lib\site-packages\jinja2\environment.py", line 869, in get_or_select_template
    return self.get_template(template_name_or_list, parent, globals)
  File "C:\Users\gagan.v\PycharmProjects\gagan1\gagan\lib\site-packages\jinja2\environment.py", line 830, in get_template
    return self._load_template(name, self.make_globals(globals))
  File "C:\Users\gagan.v\PycharmProjects\gagan1\gagan\lib\site-packages\jinja2\environment.py", line 804, in _load_template
    template = self.loader.load(self, name, globals)
  File "C:\Users\gagan.v\PycharmProjects\gagan1\gagan\lib\site-packages\jinja2\loaders.py", line 113, in load
    source, filename, uptodate = self.get_source(environment, name)
  File "C:\Users\gagan.v\PycharmProjects\gagan1\gagan\lib\site-packages\flask\templating.py", line 60, in get_source
    return self._get_source_fast(environment, template)
  File "C:\Users\gagan.v\PycharmProjects\gagan1\gagan\lib\site-packages\flask\templating.py", line 89, in _get_source_fast
    raise TemplateNotFound(template)
jinja2.exceptions.TemplateNotFound: apihome1.html
Exception on / [GET]
Traceback (most recent call last):
  File "C:\Users\gagan.v\PycharmProjects\gagan1\gagan\lib\site-packages\flask\app.py", line 2446, in wsgi_app
    response = self.full_dispatch_request()
  File "C:\Users\gagan.v\PycharmProjects\gagan1\gagan\lib\site-packages\flask\app.py", line 1951, in full_dispatch_request
    rv = self.handle_user_exception(e)
  File "C:\Users\gagan.v\PycharmProjects\gagan1\gagan\lib\site-packages\flask\app.py", line 1820, in handle_user_exception
    reraise(exc_type, exc_value, tb)
  File "C:\Users\gagan.v\PycharmProjects\gagan1\gagan\lib\site-packages\flask\_compat.py", line 39, in reraise
    raise value
  File "C:\Users\gagan.v\PycharmProjects\gagan1\gagan\lib\site-packages\flask\app.py", line 1949, in full_dispatch_request
    rv = self.dispatch_request()
  File "C:\Users\gagan.v\PycharmProjects\gagan1\gagan\lib\site-packages\flask\app.py", line 1935, in dispatch_request
    return self.view_functions[rule.endpoint](**req.view_args)
  File "C:/Users/gagan.v/PycharmProjects/gagan/flask/final_api_testcase_ui.py", line 205, in Home1
    return render_template("apihome1.html")
  File "C:\Users\gagan.v\PycharmProjects\gagan1\gagan\lib\site-packages\flask\templating.py", line 138, in render_template
    ctx.app.jinja_env.get_or_select_template(template_name_or_list),
  File "C:\Users\gagan.v\PycharmProjects\gagan1\gagan\lib\site-packages\jinja2\environment.py", line 869, in get_or_select_template
    return self.get_template(template_name_or_list, parent, globals)
  File "C:\Users\gagan.v\PycharmProjects\gagan1\gagan\lib\site-packages\jinja2\environment.py", line 830, in get_template
    return self._load_template(name, self.make_globals(globals))
  File "C:\Users\gagan.v\PycharmProjects\gagan1\gagan\lib\site-packages\jinja2\environment.py", line 804, in _load_template
    template = self.loader.load(self, name, globals)
  File "C:\Users\gagan.v\PycharmProjects\gagan1\gagan\lib\site-packages\jinja2\loaders.py", line 113, in load
    source, filename, uptodate = self.get_source(environment, name)
  File "C:\Users\gagan.v\PycharmProjects\gagan1\gagan\lib\site-packages\flask\templating.py", line 60, in get_source
    return self._get_source_fast(environment, template)
  File "C:\Users\gagan.v\PycharmProjects\gagan1\gagan\lib\site-packages\flask\templating.py", line 89, in _get_source_fast
    raise TemplateNotFound(template)
jinja2.exceptions.TemplateNotFound: apihome1.html
Exception on / [GET]
Traceback (most recent call last):
  File "C:\Users\gagan.v\PycharmProjects\gagan1\gagan\lib\site-packages\flask\app.py", line 2446, in wsgi_app
    response = self.full_dispatch_request()
  File "C:\Users\gagan.v\PycharmProjects\gagan1\gagan\lib\site-packages\flask\app.py", line 1951, in full_dispatch_request
    rv = self.handle_user_exception(e)
  File "C:\Users\gagan.v\PycharmProjects\gagan1\gagan\lib\site-packages\flask\app.py", line 1820, in handle_user_exception
    reraise(exc_type, exc_value, tb)
  File "C:\Users\gagan.v\PycharmProjects\gagan1\gagan\lib\site-packages\flask\_compat.py", line 39, in reraise
    raise value
  File "C:\Users\gagan.v\PycharmProjects\gagan1\gagan\lib\site-packages\flask\app.py", line 1949, in full_dispatch_request
    rv = self.dispatch_request()
  File "C:\Users\gagan.v\PycharmProjects\gagan1\gagan\lib\site-packages\flask\app.py", line 1935, in dispatch_request
    return self.view_functions[rule.endpoint](**req.view_args)
  File "C:/Users/gagan.v/PycharmProjects/gagan/flask/final_api_testcase_ui.py", line 205, in Home1
    return render_template("apihome1.html")
  File "C:\Users\gagan.v\PycharmProjects\gagan1\gagan\lib\site-packages\flask\templating.py", line 138, in render_template
    ctx.app.jinja_env.get_or_select_template(template_name_or_list),
  File "C:\Users\gagan.v\PycharmProjects\gagan1\gagan\lib\site-packages\jinja2\environment.py", line 869, in get_or_select_template
    return self.get_template(template_name_or_list, parent, globals)
  File "C:\Users\gagan.v\PycharmProjects\gagan1\gagan\lib\site-packages\jinja2\environment.py", line 830, in get_template
    return self._load_template(name, self.make_globals(globals))
  File "C:\Users\gagan.v\PycharmProjects\gagan1\gagan\lib\site-packages\jinja2\environment.py", line 804, in _load_template
    template = self.loader.load(self, name, globals)
  File "C:\Users\gagan.v\PycharmProjects\gagan1\gagan\lib\site-packages\jinja2\loaders.py", line 113, in load
    source, filename, uptodate = self.get_source(environment, name)
  File "C:\Users\gagan.v\PycharmProjects\gagan1\gagan\lib\site-packages\flask\templating.py", line 60, in get_source
    return self._get_source_fast(environment, template)
  File "C:\Users\gagan.v\PycharmProjects\gagan1\gagan\lib\site-packages\flask\templating.py", line 89, in _get_source_fast
    raise TemplateNotFound(template)
jinja2.exceptions.TemplateNotFound: apihome1.html
Exception on / [GET]
Traceback (most recent call last):
  File "C:\Users\gagan.v\PycharmProjects\gagan1\gagan\lib\site-packages\flask\app.py", line 2446, in wsgi_app
    response = self.full_dispatch_request()
  File "C:\Users\gagan.v\PycharmProjects\gagan1\gagan\lib\site-packages\flask\app.py", line 1951, in full_dispatch_request
    rv = self.handle_user_exception(e)
  File "C:\Users\gagan.v\PycharmProjects\gagan1\gagan\lib\site-packages\flask\app.py", line 1820, in handle_user_exception
    reraise(exc_type, exc_value, tb)
  File "C:\Users\gagan.v\PycharmProjects\gagan1\gagan\lib\site-packages\flask\_compat.py", line 39, in reraise
    raise value
  File "C:\Users\gagan.v\PycharmProjects\gagan1\gagan\lib\site-packages\flask\app.py", line 1949, in full_dispatch_request
    rv = self.dispatch_request()
  File "C:\Users\gagan.v\PycharmProjects\gagan1\gagan\lib\site-packages\flask\app.py", line 1935, in dispatch_request
    return self.view_functions[rule.endpoint](**req.view_args)
  File "C:/Users/gagan.v/PycharmProjects/gagan/flask/final_api_testcase_ui.py", line 205, in Home1
    return render_template("apihome1.html")
  File "C:\Users\gagan.v\PycharmProjects\gagan1\gagan\lib\site-packages\flask\templating.py", line 138, in render_template
    ctx.app.jinja_env.get_or_select_template(template_name_or_list),
  File "C:\Users\gagan.v\PycharmProjects\gagan1\gagan\lib\site-packages\jinja2\environment.py", line 869, in get_or_select_template
    return self.get_template(template_name_or_list, parent, globals)
  File "C:\Users\gagan.v\PycharmProjects\gagan1\gagan\lib\site-packages\jinja2\environment.py", line 830, in get_template
    return self._load_template(name, self.make_globals(globals))
  File "C:\Users\gagan.v\PycharmProjects\gagan1\gagan\lib\site-packages\jinja2\environment.py", line 804, in _load_template
    template = self.loader.load(self, name, globals)
  File "C:\Users\gagan.v\PycharmProjects\gagan1\gagan\lib\site-packages\jinja2\loaders.py", line 113, in load
    source, filename, uptodate = self.get_source(environment, name)
  File "C:\Users\gagan.v\PycharmProjects\gagan1\gagan\lib\site-packages\flask\templating.py", line 60, in get_source
    return self._get_source_fast(environment, template)
  File "C:\Users\gagan.v\PycharmProjects\gagan1\gagan\lib\site-packages\flask\templating.py", line 89, in _get_source_fast
    raise TemplateNotFound(template)
jinja2.exceptions.TemplateNotFound: apihome1.html
Exception on / [GET]
Traceback (most recent call last):
  File "C:\Users\gagan.v\PycharmProjects\gagan1\gagan\lib\site-packages\flask\app.py", line 2446, in wsgi_app
    response = self.full_dispatch_request()
  File "C:\Users\gagan.v\PycharmProjects\gagan1\gagan\lib\site-packages\flask\app.py", line 1951, in full_dispatch_request
    rv = self.handle_user_exception(e)
  File "C:\Users\gagan.v\PycharmProjects\gagan1\gagan\lib\site-packages\flask\app.py", line 1820, in handle_user_exception
    reraise(exc_type, exc_value, tb)
  File "C:\Users\gagan.v\PycharmProjects\gagan1\gagan\lib\site-packages\flask\_compat.py", line 39, in reraise
    raise value
  File "C:\Users\gagan.v\PycharmProjects\gagan1\gagan\lib\site-packages\flask\app.py", line 1949, in full_dispatch_request
    rv = self.dispatch_request()
  File "C:\Users\gagan.v\PycharmProjects\gagan1\gagan\lib\site-packages\flask\app.py", line 1935, in dispatch_request
    return self.view_functions[rule.endpoint](**req.view_args)
  File "C:/Users/gagan.v/PycharmProjects/gagan/flask/final_api_testcase_ui.py", line 205, in Home1
    return render_template("apihome1.html")
  File "C:\Users\gagan.v\PycharmProjects\gagan1\gagan\lib\site-packages\flask\templating.py", line 138, in render_template
    ctx.app.jinja_env.get_or_select_template(template_name_or_list),
  File "C:\Users\gagan.v\PycharmProjects\gagan1\gagan\lib\site-packages\jinja2\environment.py", line 869, in get_or_select_template
    return self.get_template(template_name_or_list, parent, globals)
  File "C:\Users\gagan.v\PycharmProjects\gagan1\gagan\lib\site-packages\jinja2\environment.py", line 830, in get_template
    return self._load_template(name, self.make_globals(globals))
  File "C:\Users\gagan.v\PycharmProjects\gagan1\gagan\lib\site-packages\jinja2\environment.py", line 804, in _load_template
    template = self.loader.load(self, name, globals)
  File "C:\Users\gagan.v\PycharmProjects\gagan1\gagan\lib\site-packages\jinja2\loaders.py", line 113, in load
    source, filename, uptodate = self.get_source(environment, name)
  File "C:\Users\gagan.v\PycharmProjects\gagan1\gagan\lib\site-packages\flask\templating.py", line 60, in get_source
    return self._get_source_fast(environment, template)
  File "C:\Users\gagan.v\PycharmProjects\gagan1\gagan\lib\site-packages\flask\templating.py", line 89, in _get_source_fast
    raise TemplateNotFound(template)
jinja2.exceptions.TemplateNotFound: apihome1.html
